[debug] [2023-07-03T21:07:05.101Z] ----------------------------------------------------------------------
[debug] [2023-07-03T21:07:05.103Z] Command:       C:\Program Files\nodejs\node.exe C:\Users\danie\AppData\Roaming\npm\node_modules\firebase-tools\lib\bin\firebase.js init
[debug] [2023-07-03T21:07:05.104Z] CLI Version:   12.4.2
[debug] [2023-07-03T21:07:05.104Z] Platform:      win32
[debug] [2023-07-03T21:07:05.104Z] Node Version:  v16.17.1
[debug] [2023-07-03T21:07:05.105Z] Time:          Mon Jul 03 2023 23:07:05 GMT+0200 (Central European Summer Time)
[debug] [2023-07-03T21:07:05.106Z] ----------------------------------------------------------------------
[debug] 
[debug] [2023-07-03T21:07:05.109Z] >>> [apiv2][query] GET https://firebase-public.firebaseio.com/cli.json [none]
[debug] [2023-07-03T21:07:05.134Z] > command requires scopes: ["email","openid","https://www.googleapis.com/auth/cloudplatformprojects.readonly","https://www.googleapis.com/auth/firebase","https://www.googleapis.com/auth/cloud-platform"]
[debug] [2023-07-03T21:07:05.135Z] > authorizing via signed-in user (zrelick@gmail.com)
[info] 
     ######## #### ########  ######## ########     ###     ######  ########
     ##        ##  ##     ## ##       ##     ##  ##   ##  ##       ##
     ######    ##  ########  ######   ########  #########  ######  ######
     ##        ##  ##    ##  ##       ##     ## ##     ##       ## ##
     ##       #### ##     ## ######## ########  ##     ##  ######  ########

You're about to initialize a Firebase project in this directory:

  C:\Users\danie\elevation-map

[debug] [2023-07-03T21:07:05.793Z] <<< [apiv2][status] GET https://firebase-public.firebaseio.com/cli.json 200
[debug] [2023-07-03T21:07:05.795Z] <<< [apiv2][body] GET https://firebase-public.firebaseio.com/cli.json {"cloudBuildErrorAfter":1594252800000,"cloudBuildWarnAfter":1590019200000,"defaultNode10After":1594252800000,"minVersion":"3.0.5","node8DeploysDisabledAfter":1613390400000,"node8RuntimeDisabledAfter":1615809600000,"node8WarnAfter":1600128000000}
